mode: set
github.com/kaschaeffer/bloomfilter/bloomfilter.go:18.78,23.55 1 1
github.com/kaschaeffer/bloomfilter/bloomfilter.go:23.55,25.4 1 0
github.com/kaschaeffer/bloomfilter/bloomfilter.go:36.65,41.31 4 0
github.com/kaschaeffer/bloomfilter/bloomfilter.go:47.2,48.8 2 0
github.com/kaschaeffer/bloomfilter/bloomfilter.go:41.31,42.15 1 0
github.com/kaschaeffer/bloomfilter/bloomfilter.go:42.15,45.4 2 0
github.com/kaschaeffer/bloomfilter/bloomfilter.go:51.47,55.2 3 0
github.com/kaschaeffer/bloomfilter/bloomfilter.go:57.60,63.34 1 0
github.com/kaschaeffer/bloomfilter/bloomfilter.go:63.34,65.6 1 0
github.com/kaschaeffer/bloomfilter/bloomfilter.go:68.53,72.2 3 1
github.com/kaschaeffer/bloomfilter/bloomfilter.go:74.74,82.34 2 0
github.com/kaschaeffer/bloomfilter/bloomfilter.go:85.5,85.11 1 0
github.com/kaschaeffer/bloomfilter/bloomfilter.go:82.34,84.6 1 0
github.com/kaschaeffer/bloomfilter/bloomfilter.go:88.63,94.2 4 0
github.com/kaschaeffer/bloomfilter/bloomfilter.go:96.77,102.35 2 0
github.com/kaschaeffer/bloomfilter/bloomfilter.go:107.2,107.16 1 0
github.com/kaschaeffer/bloomfilter/bloomfilter.go:102.35,105.3 2 0
github.com/kaschaeffer/bloomfilter/bloomfilter.go:110.56,113.2 2 0
github.com/kaschaeffer/bloomfilter/bloomfilter.go:115.57,119.2 3 0
github.com/kaschaeffer/bloomfilter/bloomfilter.go:121.64,142.35 9 0
github.com/kaschaeffer/bloomfilter/bloomfilter.go:152.2,152.15 1 0
github.com/kaschaeffer/bloomfilter/bloomfilter.go:142.35,146.40 3 0
github.com/kaschaeffer/bloomfilter/bloomfilter.go:146.40,150.4 1 0
github.com/kaschaeffer/bloomfilter/bloomfilter.go:169.58,170.21 1 1
github.com/kaschaeffer/bloomfilter/bloomfilter.go:174.2,175.8 2 1
github.com/kaschaeffer/bloomfilter/bloomfilter.go:170.21,173.3 1 1
github.com/kaschaeffer/bloomfilter/bloomfilter.go:178.68,179.21 1 1
github.com/kaschaeffer/bloomfilter/bloomfilter.go:183.2,185.8 3 1
github.com/kaschaeffer/bloomfilter/bloomfilter.go:179.21,182.3 1 0
github.com/kaschaeffer/bloomfilter/bloomfilter.go:194.47,197.2 2 0
github.com/kaschaeffer/bloomfilter/bloomfilter.go:200.13,233.2 19 0
